<?xml version="1.0" encoding="UTF-8"?>
<!-- Generated by org.testng.reporters.JUnitReportReporter -->
<testsuite hostname="fdp" name="org.jclouds.aliyun.ecs.AliyunEcsContextBuilderTest" tests="1" failures="0" timestamp="7 Jan 2016 15:55:36 GMT" time="1.482" errors="0">
  <testcase name="testAssignability" time="1.482" classname="org.jclouds.aliyun.ecs.AliyunEcsContextBuilderTest"/>
</testsuite> <!-- org.jclouds.aliyun.ecs.AliyunEcsContextBuilderTest -->
