<?xml version="1.0" encoding="UTF-8"?>
<!-- Generated by org.testng.reporters.JUnitReportReporter -->
<testsuite hostname="fdp" name="org.jclouds.aliyun.ecs.AliyunEcsContextBuilderTest" tests="1" failures="0" timestamp="11 Jan 2016 16:58:10 GMT" time="2.343" errors="0">
  <testcase name="testAssignability" time="2.343" classname="org.jclouds.aliyun.ecs.AliyunEcsContextBuilderTest"/>
</testsuite> <!-- org.jclouds.aliyun.ecs.AliyunEcsContextBuilderTest -->
