<?xml version="1.0" encoding="UTF-8"?>
<!-- Generated by org.testng.reporters.JUnitReportReporter -->
<testsuite hostname="fdp" name="org.jclouds.aliyun.ecs.AliyunEcsProviderTest" tests="4" failures="0" timestamp="7 Jan 2016 12:49:43 GMT" time="0.031" errors="0">
  <testcase name="testOfApiContains" time="0.016" classname="org.jclouds.aliyun.ecs.AliyunEcsProviderTest"/>
  <testcase name="testAllContains" time="0.015" classname="org.jclouds.aliyun.ecs.AliyunEcsProviderTest"/>
  <testcase name="testTransformableToContains" time="0.000" classname="org.jclouds.aliyun.ecs.AliyunEcsProviderTest"/>
  <testcase name="testWithId" time="0.000" classname="org.jclouds.aliyun.ecs.AliyunEcsProviderTest"/>
</testsuite> <!-- org.jclouds.aliyun.ecs.AliyunEcsProviderTest -->
