<?xml version="1.0" encoding="UTF-8"?>
<!-- Generated by org.testng.reporters.JUnitReportReporter -->
<testsuite hostname="fdp" name="org.jclouds.aws.ec2.AWSEC2ContextBuilderTest" tests="4" failures="0" timestamp="11 Jan 2016 16:25:01 GMT" time="3.562" errors="0">
  <testcase name="testConvertImageSyntax" time="0.250" classname="org.jclouds.aws.ec2.AWSEC2ContextBuilderTest"/>
  <testcase name="testConvertImageSyntaxWhenStar" time="0.203" classname="org.jclouds.aws.ec2.AWSEC2ContextBuilderTest"/>
  <testcase name="testBlankAmiOwnersRemovesAmiQuery" time="0.234" classname="org.jclouds.aws.ec2.AWSEC2ContextBuilderTest"/>
  <testcase name="testAssignability" time="2.875" classname="org.jclouds.aws.ec2.AWSEC2ContextBuilderTest"/>
</testsuite> <!-- org.jclouds.aws.ec2.AWSEC2ContextBuilderTest -->
