<?xml version="1.0" encoding="UTF-8"?>
<!-- Generated by org.testng.reporters.JUnitReportReporter -->
<testsuite hostname="fdp" name="org.jclouds.ecs.EcsContextBuilderText" tests="1" failures="0" timestamp="7 Jan 2016 15:50:40 GMT" time="1.420" errors="0">
  <testcase name="testAssignability" time="1.420" classname="org.jclouds.ecs.EcsContextBuilderText"/>
</testsuite> <!-- org.jclouds.ecs.EcsContextBuilderText -->
