<?xml version="1.0" encoding="UTF-8"?>
<!-- Generated by org.testng.reporters.JUnitReportReporter -->
<testsuite hostname="fdp" name="org.jclouds.ecs.EcsApiMetadataTest" tests="3" failures="0" timestamp="7 Jan 2016 15:08:24 GMT" time="0.042" errors="0">
  <testcase name="testTransformableToContains" time="0.010" classname="org.jclouds.ecs.EcsApiMetadataTest"/>
  <testcase name="testAllContains" time="0.022" classname="org.jclouds.ecs.EcsApiMetadataTest"/>
  <testcase name="testWithId" time="0.010" classname="org.jclouds.ecs.EcsApiMetadataTest"/>
</testsuite> <!-- org.jclouds.ecs.EcsApiMetadataTest -->
