<?xml version="1.0" encoding="UTF-8"?>
<!-- Generated by org.testng.reporters.JUnitReportReporter -->
<testsuite hostname="fdp" name="org.jclouds.ecs.features.InstanceApiExpectTest" tests="1" failures="1" timestamp="10 Jan 2016 03:38:15 GMT" time="28.788" errors="0">
  <testcase name="testFilterWhenResponseIs2xx" time="28.788" classname="org.jclouds.ecs.features.InstanceApiExpectTest">
    <failure type="org.jclouds.http.HttpResponseException" message="command: GET https://ecs.aliyuncs.com/?Format=json&amp;Version=2014-05-26&amp;Action=listInstances HTTP/1.1 failed with response: HTTP/1.1 500 no response configured for request; content: [

----------------------------------------
The following request is not configured:
----------------------------------------
GET https://ecs.aliyuncs.com/?Format=json&amp;Version=2014-05-26&amp;Action=listInstances&amp;AccessKeyId=identity&amp;SignatureMethod=HMAC-SHA1&amp;SignatureVersion=1.0&amp;SignatureNonce=-1086650112&amp;Signature=oeUXdQlJ8Ga%2BTDYuSlCZsgTqOjc%3D HTTP/1.1
Accept: application/json
Host: ecs.aliyuncs.com


----------------------------------------
Configured requests:

----------------------------------------
GET https://ecs.aliyuncs.com/?Format=json&amp;AccessKeyId=Z1mdYKAUt4q2OzyDhSd5qcnMUamQdD&amp;Timestamp=2012-06-01T12%3A00%3A00Z HTTP/1.1

]">
      <![CDATA[org.jclouds.http.HttpResponseException: command: GET https://ecs.aliyuncs.com/?Format=json&Version=2014-05-26&Action=listInstances HTTP/1.1 failed with response: HTTP/1.1 500 no response configured for request; content: [

----------------------------------------
The following request is not configured:
----------------------------------------
GET https://ecs.aliyuncs.com/?Format=json&Version=2014-05-26&Action=listInstances&AccessKeyId=identity&SignatureMethod=HMAC-SHA1&SignatureVersion=1.0&SignatureNonce=-1086650112&Signature=oeUXdQlJ8Ga%2BTDYuSlCZsgTqOjc%3D HTTP/1.1
Accept: application/json
Host: ecs.aliyuncs.com


----------------------------------------
Configured requests:

----------------------------------------
GET https://ecs.aliyuncs.com/?Format=json&AccessKeyId=Z1mdYKAUt4q2OzyDhSd5qcnMUamQdD&Timestamp=2012-06-01T12%3A00%3A00Z HTTP/1.1

]
	at org.jclouds.ecs.handlers.EcsErrorHandler.handleError(EcsErrorHandler.java:52)
	at org.jclouds.http.handlers.DelegatingErrorHandler.handleError(DelegatingErrorHandler.java:67)
	at org.jclouds.http.internal.BaseHttpCommandExecutorService.shouldContinue(BaseHttpCommandExecutorService.java:136)
	at org.jclouds.http.internal.BaseHttpCommandExecutorService.invoke(BaseHttpCommandExecutorService.java:105)
	at org.jclouds.rest.internal.InvokeHttpMethod.invoke(InvokeHttpMethod.java:90)
	at org.jclouds.rest.internal.InvokeHttpMethod.apply(InvokeHttpMethod.java:73)
	at org.jclouds.rest.internal.InvokeHttpMethod.apply(InvokeHttpMethod.java:44)
	at org.jclouds.reflect.FunctionalReflection$FunctionalInvocationHandler.handleInvocation(FunctionalReflection.java:117)
	at com.google.common.reflect.AbstractInvocationHandler.invoke(AbstractInvocationHandler.java:87)
	at com.sun.proxy.$Proxy49.listInstances(Unknown Source)
	at org.jclouds.ecs.features.InstanceApiExpectTest.testFilterWhenResponseIs2xx(InstanceApiExpectTest.java:55)
	at sun.reflect.NativeMethodAccessorImpl.invoke0(Native Method)
	at sun.reflect.NativeMethodAccessorImpl.invoke(NativeMethodAccessorImpl.java:57)
	at sun.reflect.DelegatingMethodAccessorImpl.invoke(DelegatingMethodAccessorImpl.java:43)
	at java.lang.reflect.Method.invoke(Method.java:601)
	at org.testng.internal.MethodInvocationHelper.invokeMethod(MethodInvocationHelper.java:84)
	at org.testng.internal.Invoker.invokeMethod(Invoker.java:714)
	at org.testng.internal.Invoker.invokeTestMethod(Invoker.java:901)
	at org.testng.internal.Invoker.invokeTestMethods(Invoker.java:1231)
	at org.testng.internal.TestMethodWorker.invokeTestMethods(TestMethodWorker.java:127)
	at org.testng.internal.TestMethodWorker.run(TestMethodWorker.java:111)
	at org.testng.TestRunner.privateRun(TestRunner.java:767)
	at org.testng.TestRunner.run(TestRunner.java:617)
	at org.testng.SuiteRunner.runTest(SuiteRunner.java:334)
	at org.testng.SuiteRunner.runSequentially(SuiteRunner.java:329)
	at org.testng.SuiteRunner.privateRun(SuiteRunner.java:291)
	at org.testng.SuiteRunner.run(SuiteRunner.java:240)
	at org.testng.SuiteRunnerWorker.runSuite(SuiteRunnerWorker.java:52)
	at org.testng.SuiteRunnerWorker.run(SuiteRunnerWorker.java:86)
	at org.testng.TestNG.runSuitesSequentially(TestNG.java:1224)
	at org.testng.TestNG.runSuitesLocally(TestNG.java:1149)
	at org.testng.TestNG.run(TestNG.java:1057)
	at org.testng.remote.RemoteTestNG.run(RemoteTestNG.java:111)
	at org.testng.remote.RemoteTestNG.initAndRun(RemoteTestNG.java:204)
	at org.testng.remote.RemoteTestNG.main(RemoteTestNG.java:175)
]]>
    </failure>
  </testcase> <!-- testFilterWhenResponseIs2xx -->
</testsuite> <!-- org.jclouds.ecs.features.InstanceApiExpectTest -->
