<?xml version="1.0" encoding="UTF-8"?>
<!-- Generated by org.testng.reporters.JUnitReportReporter -->
<testsuite hostname="fdp" name="org.jclouds.ecs.EcsApiMetadataTest" tests="3" failures="0" timestamp="7 Jan 2016 12:20:58 GMT" time="0.031" errors="0">
  <testcase name="testTransformableToContains" time="0.000" classname="org.jclouds.ecs.EcsApiMetadataTest"/>
  <testcase name="testWithId" time="0.016" classname="org.jclouds.ecs.EcsApiMetadataTest"/>
  <testcase name="testAllContains" time="0.015" classname="org.jclouds.ecs.EcsApiMetadataTest"/>
</testsuite> <!-- org.jclouds.ecs.EcsApiMetadataTest -->
