<?xml version="1.0" encoding="UTF-8"?>
<!-- Generated by org.testng.reporters.JUnitReportReporter -->
<testsuite hostname="fdp" name="org.jclouds.ecs.features.InstanceApiTest" tests="1" failures="0" timestamp="10 Jan 2016 03:55:28 GMT" time="0.101" errors="0">
  <testcase name="testListInstances" time="0.101" classname="org.jclouds.ecs.features.InstanceApiTest"/>
</testsuite> <!-- org.jclouds.ecs.features.InstanceApiTest -->
