<?xml version="1.0" encoding="UTF-8"?>
<!-- Generated by org.testng.reporters.JUnitReportReporter -->
<testsuite hostname="fdp" name="org.jclouds.ecs.CommonApiTest" tests="1" failures="0" timestamp="9 Jan 2016 14:48:25 GMT" time="1.234" errors="0">
  <testcase name="testCommon" time="1.234" classname="org.jclouds.ecs.CommonApiTest"/>
</testsuite> <!-- org.jclouds.ecs.CommonApiTest -->
