<?xml version="1.0" encoding="UTF-8"?>
<!-- Generated by org.testng.reporters.JUnitReportReporter -->
<testsuite hostname="fdp" name="org.jclouds.test.aliyun.ecs.ClientTest" tests="1" failures="1" timestamp="11 Jan 2016 18:29:15 GMT" time="2.062" errors="0">
  <testcase name="test1" time="2.062" classname="org.jclouds.test.aliyun.ecs.ClientTest">
    <failure type="com.google.inject.CreationException" message="Guice creation errors:

1) No implementation for com.google.common.base.Function&lt;org.jclouds.compute.domain.Hardware, java.lang.String&gt; was bound.
  while locating com.google.common.base.Function&lt;org.jclouds.compute.domain.Hardware, java.lang.String&gt;
    for parameter 1 at org.jclouds.ecs.compute.strategy.EcsComputeServiceAdapter.&lt;init&gt;(EcsComputeServiceAdapter.java:53)
  at org.jclouds.ecs.compute.config.EcsComputeServiceContextModule.configure(EcsComputeServiceContextModule.java:41)

2) No implementation for com.google.common.base.Function&lt;org.jclouds.ecs.domain.Server, org.jclouds.compute.domain.NodeMetadata&gt; was bound.
  while locating com.google.common.base.Function&lt;org.jclouds.ecs.domain.Server, org.jclouds.compute.domain.NodeMetadata&gt;
    for parameter 3 at org.jclouds.compute.strategy.impl.AdaptingComputeServiceStrategies.&lt;init&gt;(AdaptingComputeServiceStrategies.java:84)
  at org.jclouds.compute.config.ComputeServiceAdapterContextModule.defineGetNodeMetadataStrategy(ComputeServiceAdapterContextModule.java:169)

3) No implementation for com.google.common.base.Function&lt;org.jclouds.ecs.domain.Server, org.jclouds.compute.domain.NodeMetadata&gt; was bound.
  while locating com.google.common.base.Function&lt;org.jclouds.ecs.domain.Server, org.jclouds.compute.domain.NodeMetadata&gt;
    for parameter 3 at org.jclouds.compute.strategy.impl.AdaptingComputeServiceStrategies.&lt;init&gt;(AdaptingComputeServiceStrategies.java:84)
  at org.jclouds.compute.config.ComputeServiceAdapterContextModule.defineAddNodeWithTagStrategy(ComputeServiceAdapterContextModule.java:157)

4) No implementation for com.google.common.base.Function&lt;org.jclouds.ecs.domain.Server, org.jclouds.compute.domain.NodeMetadata&gt; was bound.
  while locating com.google.common.base.Function&lt;org.jclouds.ecs.domain.Server, org.jclouds.compute.domain.NodeMetadata&gt;
    for parameter 3 at org.jclouds.compute.strategy.impl.AdaptingComputeServiceStrategies.&lt;init&gt;(AdaptingComputeServiceStrategies.java:84)
  at org.jclouds.compute.config.ComputeServiceAdapterContextModule.defineDestroyNodeStrategy(ComputeServiceAdapterContextModule.java:163)

5) No implementation for com.google.common.base.Function&lt;org.jclouds.ecs.domain.Server, org.jclouds.compute.domain.NodeMetadata&gt; was bound.
  while locating com.google.common.base.Function&lt;org.jclouds.ecs.domain.Server, org.jclouds.compute.domain.NodeMetadata&gt;
    for parameter 3 at org.jclouds.compute.strategy.impl.AdaptingComputeServiceStrategies.&lt;init&gt;(AdaptingComputeServiceStrategies.java:84)
  at org.jclouds.compute.config.ComputeServiceAdapterContextModule.defineGetImageStrategy(ComputeServiceAdapterContextModule.java:175)

6) No implementation for com.google.common.base.Function&lt;org.jclouds.ecs.domain.Server, org.jclouds.compute.domain.NodeMetadata&gt; was bound.
  while locating com.google.common.base.Function&lt;org.jclouds.ecs.domain.Server, org.jclouds.compute.domain.NodeMetadata&gt;
    for parameter 3 at org.jclouds.compute.strategy.impl.AdaptingComputeServiceStrategies.&lt;init&gt;(AdaptingComputeServiceStrategies.java:84)
  at org.jclouds.compute.config.ComputeServiceAdapterContextModule.defineRebootNodeStrategy(ComputeServiceAdapterContextModule.java:187)

7) No implementation for com.google.common.base.Function&lt;org.jclouds.ecs.domain.Server, org.jclouds.compute.domain.NodeMetadata&gt; was bound.
  while locating com.google.common.base.Function&lt;org.jclouds.ecs.domain.Server, org.jclouds.compute.domain.NodeMetadata&gt;
    for parameter 3 at org.jclouds.compute.strategy.impl.AdaptingComputeServiceStrategies.&lt;init&gt;(AdaptingComputeServiceStrategies.java:84)
  at org.jclouds.compute.config.ComputeServiceAdapterContextModule.defineStartNodeStrategy(ComputeServiceAdapterContextModule.java:193)

8) No implementation for com.google.common.base.Function&lt;org.jclouds.ecs.domain.Server, org.jclouds.compute.domain.NodeMetadata&gt; was bound.
  while locating com.google.common.base.Function&lt;org.jclouds.ecs.domain.Server, org.jclouds.compute.domain.NodeMetadata&gt;
    for parameter 3 at org.jclouds.compute.strategy.impl.AdaptingComputeServiceStrategies.&lt;init&gt;(AdaptingComputeServiceStrategies.java:84)
  at org.jclouds.compute.config.ComputeServiceAdapterContextModule.defineListNodesStrategy(ComputeServiceAdapterContextModule.java:181)

9) No implementation for com.google.common.base.Function&lt;org.jclouds.ecs.domain.Server, org.jclouds.compute.domain.NodeMetadata&gt; was bound.
  while locating com.google.common.base.Function&lt;org.jclouds.ecs.domain.Server, org.jclouds.compute.domain.NodeMetadata&gt;
    for parameter 3 at org.jclouds.compute.strategy.impl.AdaptingComputeServiceStrategies.&lt;init&gt;(AdaptingComputeServiceStrategies.java:84)
  at org.jclouds.compute.config.ComputeServiceAdapterContextModule.defineStopNodeStrategy(ComputeServiceAdapterContextModule.java:199)

10) No implementation for com.google.common.base.Function&lt;org.jclouds.ecs.domain.ServerImage, org.jclouds.compute.domain.Image&gt; was bound.
  while locating com.google.common.base.Function&lt;org.jclouds.ecs.domain.ServerImage, org.jclouds.compute.domain.Image&gt;
    for parameter 4 at org.jclouds.compute.strategy.impl.AdaptingComputeServiceStrategies.&lt;init&gt;(AdaptingComputeServiceStrategies.java:84)
  at org.jclouds.compute.config.ComputeServiceAdapterContextModule.defineGetNodeMetadataStrategy(ComputeServiceAdapterContextModule.java:169)

11) No implementation for com.google.common.base.Function&lt;org.jclouds.ecs.domain.ServerImage, org.jclouds.compute.domain.Image&gt; was bound.
  while locating com.google.common.base.Function&lt;org.jclouds.ecs.domain.ServerImage, org.jclouds.compute.domain.Image&gt;
    for parameter 4 at org.jclouds.compute.strategy.impl.AdaptingComputeServiceStrategies.&lt;init&gt;(AdaptingComputeServiceStrategies.java:84)
  at org.jclouds.compute.config.ComputeServiceAdapterContextModule.defineAddNodeWithTagStrategy(ComputeServiceAdapterContextModule.java:157)

12) No implementation for com.google.common.base.Function&lt;org.jclouds.ecs.domain.ServerImage, org.jclouds.compute.domain.Image&gt; was bound.
  while locating com.google.common.base.Function&lt;org.jclouds.ecs.domain.ServerImage, org.jclouds.compute.domain.Image&gt;
    for parameter 4 at org.jclouds.compute.strategy.impl.AdaptingComputeServiceStrategies.&lt;init&gt;(AdaptingComputeServiceStrategies.java:84)
  at org.jclouds.compute.config.ComputeServiceAdapterContextModule.defineDestroyNodeStrategy(ComputeServiceAdapterContextModule.java:163)

13) No implementation for com.google.common.base.Function&lt;org.jclouds.ecs.domain.ServerImage, org.jclouds.compute.domain.Image&gt; was bound.
  while locating com.google.common.base.Function&lt;org.jclouds.ecs.domain.ServerImage, org.jclouds.compute.domain.Image&gt;
    for parameter 4 at org.jclouds.compute.strategy.impl.AdaptingComputeServiceStrategies.&lt;init&gt;(AdaptingComputeServiceStrategies.java:84)
  at org.jclouds.compute.config.ComputeServiceAdapterContextModule.defineGetImageStrategy(ComputeServiceAdapterContextModule.java:175)

14) No implementation for com.google.common.base.Function&lt;org.jclouds.ecs.domain.ServerImage, org.jclouds.compute.domain.Image&gt; was bound.
  while locating com.google.common.base.Function&lt;org.jclouds.ecs.domain.ServerImage, org.jclouds.compute.domain.Image&gt;
    for parameter 4 at org.jclouds.compute.strategy.impl.AdaptingComputeServiceStrategies.&lt;init&gt;(AdaptingComputeServiceStrategies.java:84)
  at org.jclouds.compute.config.ComputeServiceAdapterContextModule.defineRebootNodeStrategy(ComputeServiceAdapterContextModule.java:187)

15) No implementation for com.google.common.base.Function&lt;org.jclouds.ecs.domain.ServerImage, org.jclouds.compute.domain.Image&gt; was bound.
  while locating com.google.common.base.Function&lt;org.jclouds.ecs.domain.ServerImage, org.jclouds.compute.domain.Image&gt;
    for parameter 4 at org.jclouds.compute.strategy.impl.AdaptingComputeServiceStrategies.&lt;init&gt;(AdaptingComputeServiceStrategies.java:84)
  at org.jclouds.compute.config.ComputeServiceAdapterContextModule.defineStartNodeStrategy(ComputeServiceAdapterContextModule.java:193)

16) No implementation for com.google.common.base.Function&lt;org.jclouds.ecs.domain.ServerImage, org.jclouds.compute.domain.Image&gt; was bound.
  while locating com.google.common.base.Function&lt;org.jclouds.ecs.domain.ServerImage, org.jclouds.compute.domain.Image&gt;
    for parameter 4 at org.jclouds.compute.strategy.impl.AdaptingComputeServiceStrategies.&lt;init&gt;(AdaptingComputeServiceStrategies.java:84)
  at org.jclouds.compute.config.ComputeServiceAdapterContextModule.defineListNodesStrategy(ComputeServiceAdapterContextModule.java:181)

17) No implementation for com.google.common.base.Function&lt;org.jclouds.ecs.domain.ServerImage, org.jclouds.compute.domain.Image&gt; was bound.
  while locating com.google.common.base.Function&lt;org.jclouds.ecs.domain.ServerImage, org.jclouds.compute.domain.Image&gt;
    for parameter 4 at org.jclouds.compute.strategy.impl.AdaptingComputeServiceStrategies.&lt;init&gt;(AdaptingComputeServiceStrategies.java:84)
  at org.jclouds.compute.config.ComputeServiceAdapterContextModule.defineStopNodeStrategy(ComputeServiceAdapterContextModule.java:199)

18) No implementation for org.jclouds.ecs.EcsApi was bound.
  while locating org.jclouds.ecs.EcsApi
    for parameter 0 at org.jclouds.ecs.compute.strategy.EcsComputeServiceAdapter.&lt;init&gt;(EcsComputeServiceAdapter.java:53)
  at org.jclouds.ecs.compute.config.EcsComputeServiceContextModule.configure(EcsComputeServiceContextModule.java:41)

19) No implementation for com.google.common.base.Function&lt;org.jclouds.compute.domain.Hardware, org.jclouds.compute.domain.Hardware&gt; was bound.
  at org.jclouds.compute.config.ComputeServiceAdapterContextModule.provideHardware(ComputeServiceAdapterContextModule.java:98)

20) No implementation for com.google.common.base.Function&lt;org.jclouds.ecs.domain.ServerImage, org.jclouds.compute.domain.Image&gt; was bound.
  at org.jclouds.compute.config.ComputeServiceAdapterContextModule.provideImages(ComputeServiceAdapterContextModule.java:118)

20 errors">
      <![CDATA[com.google.inject.CreationException: Guice creation errors:

1) No implementation for com.google.common.base.Function<org.jclouds.compute.domain.Hardware, java.lang.String> was bound.
  while locating com.google.common.base.Function<org.jclouds.compute.domain.Hardware, java.lang.String>
    for parameter 1 at org.jclouds.ecs.compute.strategy.EcsComputeServiceAdapter.<init>(EcsComputeServiceAdapter.java:53)
  at org.jclouds.ecs.compute.config.EcsComputeServiceContextModule.configure(EcsComputeServiceContextModule.java:41)

2) No implementation for com.google.common.base.Function<org.jclouds.ecs.domain.Server, org.jclouds.compute.domain.NodeMetadata> was bound.
  while locating com.google.common.base.Function<org.jclouds.ecs.domain.Server, org.jclouds.compute.domain.NodeMetadata>
    for parameter 3 at org.jclouds.compute.strategy.impl.AdaptingComputeServiceStrategies.<init>(AdaptingComputeServiceStrategies.java:84)
  at org.jclouds.compute.config.ComputeServiceAdapterContextModule.defineGetNodeMetadataStrategy(ComputeServiceAdapterContextModule.java:169)

3) No implementation for com.google.common.base.Function<org.jclouds.ecs.domain.Server, org.jclouds.compute.domain.NodeMetadata> was bound.
  while locating com.google.common.base.Function<org.jclouds.ecs.domain.Server, org.jclouds.compute.domain.NodeMetadata>
    for parameter 3 at org.jclouds.compute.strategy.impl.AdaptingComputeServiceStrategies.<init>(AdaptingComputeServiceStrategies.java:84)
  at org.jclouds.compute.config.ComputeServiceAdapterContextModule.defineAddNodeWithTagStrategy(ComputeServiceAdapterContextModule.java:157)

4) No implementation for com.google.common.base.Function<org.jclouds.ecs.domain.Server, org.jclouds.compute.domain.NodeMetadata> was bound.
  while locating com.google.common.base.Function<org.jclouds.ecs.domain.Server, org.jclouds.compute.domain.NodeMetadata>
    for parameter 3 at org.jclouds.compute.strategy.impl.AdaptingComputeServiceStrategies.<init>(AdaptingComputeServiceStrategies.java:84)
  at org.jclouds.compute.config.ComputeServiceAdapterContextModule.defineDestroyNodeStrategy(ComputeServiceAdapterContextModule.java:163)

5) No implementation for com.google.common.base.Function<org.jclouds.ecs.domain.Server, org.jclouds.compute.domain.NodeMetadata> was bound.
  while locating com.google.common.base.Function<org.jclouds.ecs.domain.Server, org.jclouds.compute.domain.NodeMetadata>
    for parameter 3 at org.jclouds.compute.strategy.impl.AdaptingComputeServiceStrategies.<init>(AdaptingComputeServiceStrategies.java:84)
  at org.jclouds.compute.config.ComputeServiceAdapterContextModule.defineGetImageStrategy(ComputeServiceAdapterContextModule.java:175)

6) No implementation for com.google.common.base.Function<org.jclouds.ecs.domain.Server, org.jclouds.compute.domain.NodeMetadata> was bound.
  while locating com.google.common.base.Function<org.jclouds.ecs.domain.Server, org.jclouds.compute.domain.NodeMetadata>
    for parameter 3 at org.jclouds.compute.strategy.impl.AdaptingComputeServiceStrategies.<init>(AdaptingComputeServiceStrategies.java:84)
  at org.jclouds.compute.config.ComputeServiceAdapterContextModule.defineRebootNodeStrategy(ComputeServiceAdapterContextModule.java:187)

7) No implementation for com.google.common.base.Function<org.jclouds.ecs.domain.Server, org.jclouds.compute.domain.NodeMetadata> was bound.
  while locating com.google.common.base.Function<org.jclouds.ecs.domain.Server, org.jclouds.compute.domain.NodeMetadata>
    for parameter 3 at org.jclouds.compute.strategy.impl.AdaptingComputeServiceStrategies.<init>(AdaptingComputeServiceStrategies.java:84)
  at org.jclouds.compute.config.ComputeServiceAdapterContextModule.defineStartNodeStrategy(ComputeServiceAdapterContextModule.java:193)

8) No implementation for com.google.common.base.Function<org.jclouds.ecs.domain.Server, org.jclouds.compute.domain.NodeMetadata> was bound.
  while locating com.google.common.base.Function<org.jclouds.ecs.domain.Server, org.jclouds.compute.domain.NodeMetadata>
    for parameter 3 at org.jclouds.compute.strategy.impl.AdaptingComputeServiceStrategies.<init>(AdaptingComputeServiceStrategies.java:84)
  at org.jclouds.compute.config.ComputeServiceAdapterContextModule.defineListNodesStrategy(ComputeServiceAdapterContextModule.java:181)

9) No implementation for com.google.common.base.Function<org.jclouds.ecs.domain.Server, org.jclouds.compute.domain.NodeMetadata> was bound.
  while locating com.google.common.base.Function<org.jclouds.ecs.domain.Server, org.jclouds.compute.domain.NodeMetadata>
    for parameter 3 at org.jclouds.compute.strategy.impl.AdaptingComputeServiceStrategies.<init>(AdaptingComputeServiceStrategies.java:84)
  at org.jclouds.compute.config.ComputeServiceAdapterContextModule.defineStopNodeStrategy(ComputeServiceAdapterContextModule.java:199)

10) No implementation for com.google.common.base.Function<org.jclouds.ecs.domain.ServerImage, org.jclouds.compute.domain.Image> was bound.
  while locating com.google.common.base.Function<org.jclouds.ecs.domain.ServerImage, org.jclouds.compute.domain.Image>
    for parameter 4 at org.jclouds.compute.strategy.impl.AdaptingComputeServiceStrategies.<init>(AdaptingComputeServiceStrategies.java:84)
  at org.jclouds.compute.config.ComputeServiceAdapterContextModule.defineGetNodeMetadataStrategy(ComputeServiceAdapterContextModule.java:169)

11) No implementation for com.google.common.base.Function<org.jclouds.ecs.domain.ServerImage, org.jclouds.compute.domain.Image> was bound.
  while locating com.google.common.base.Function<org.jclouds.ecs.domain.ServerImage, org.jclouds.compute.domain.Image>
    for parameter 4 at org.jclouds.compute.strategy.impl.AdaptingComputeServiceStrategies.<init>(AdaptingComputeServiceStrategies.java:84)
  at org.jclouds.compute.config.ComputeServiceAdapterContextModule.defineAddNodeWithTagStrategy(ComputeServiceAdapterContextModule.java:157)

12) No implementation for com.google.common.base.Function<org.jclouds.ecs.domain.ServerImage, org.jclouds.compute.domain.Image> was bound.
  while locating com.google.common.base.Function<org.jclouds.ecs.domain.ServerImage, org.jclouds.compute.domain.Image>
    for parameter 4 at org.jclouds.compute.strategy.impl.AdaptingComputeServiceStrategies.<init>(AdaptingComputeServiceStrategies.java:84)
  at org.jclouds.compute.config.ComputeServiceAdapterContextModule.defineDestroyNodeStrategy(ComputeServiceAdapterContextModule.java:163)

13) No implementation for com.google.common.base.Function<org.jclouds.ecs.domain.ServerImage, org.jclouds.compute.domain.Image> was bound.
  while locating com.google.common.base.Function<org.jclouds.ecs.domain.ServerImage, org.jclouds.compute.domain.Image>
    for parameter 4 at org.jclouds.compute.strategy.impl.AdaptingComputeServiceStrategies.<init>(AdaptingComputeServiceStrategies.java:84)
  at org.jclouds.compute.config.ComputeServiceAdapterContextModule.defineGetImageStrategy(ComputeServiceAdapterContextModule.java:175)

14) No implementation for com.google.common.base.Function<org.jclouds.ecs.domain.ServerImage, org.jclouds.compute.domain.Image> was bound.
  while locating com.google.common.base.Function<org.jclouds.ecs.domain.ServerImage, org.jclouds.compute.domain.Image>
    for parameter 4 at org.jclouds.compute.strategy.impl.AdaptingComputeServiceStrategies.<init>(AdaptingComputeServiceStrategies.java:84)
  at org.jclouds.compute.config.ComputeServiceAdapterContextModule.defineRebootNodeStrategy(ComputeServiceAdapterContextModule.java:187)

15) No implementation for com.google.common.base.Function<org.jclouds.ecs.domain.ServerImage, org.jclouds.compute.domain.Image> was bound.
  while locating com.google.common.base.Function<org.jclouds.ecs.domain.ServerImage, org.jclouds.compute.domain.Image>
    for parameter 4 at org.jclouds.compute.strategy.impl.AdaptingComputeServiceStrategies.<init>(AdaptingComputeServiceStrategies.java:84)
  at org.jclouds.compute.config.ComputeServiceAdapterContextModule.defineStartNodeStrategy(ComputeServiceAdapterContextModule.java:193)

16) No implementation for com.google.common.base.Function<org.jclouds.ecs.domain.ServerImage, org.jclouds.compute.domain.Image> was bound.
  while locating com.google.common.base.Function<org.jclouds.ecs.domain.ServerImage, org.jclouds.compute.domain.Image>
    for parameter 4 at org.jclouds.compute.strategy.impl.AdaptingComputeServiceStrategies.<init>(AdaptingComputeServiceStrategies.java:84)
  at org.jclouds.compute.config.ComputeServiceAdapterContextModule.defineListNodesStrategy(ComputeServiceAdapterContextModule.java:181)

17) No implementation for com.google.common.base.Function<org.jclouds.ecs.domain.ServerImage, org.jclouds.compute.domain.Image> was bound.
  while locating com.google.common.base.Function<org.jclouds.ecs.domain.ServerImage, org.jclouds.compute.domain.Image>
    for parameter 4 at org.jclouds.compute.strategy.impl.AdaptingComputeServiceStrategies.<init>(AdaptingComputeServiceStrategies.java:84)
  at org.jclouds.compute.config.ComputeServiceAdapterContextModule.defineStopNodeStrategy(ComputeServiceAdapterContextModule.java:199)

18) No implementation for org.jclouds.ecs.EcsApi was bound.
  while locating org.jclouds.ecs.EcsApi
    for parameter 0 at org.jclouds.ecs.compute.strategy.EcsComputeServiceAdapter.<init>(EcsComputeServiceAdapter.java:53)
  at org.jclouds.ecs.compute.config.EcsComputeServiceContextModule.configure(EcsComputeServiceContextModule.java:41)

19) No implementation for com.google.common.base.Function<org.jclouds.compute.domain.Hardware, org.jclouds.compute.domain.Hardware> was bound.
  at org.jclouds.compute.config.ComputeServiceAdapterContextModule.provideHardware(ComputeServiceAdapterContextModule.java:98)

20) No implementation for com.google.common.base.Function<org.jclouds.ecs.domain.ServerImage, org.jclouds.compute.domain.Image> was bound.
  at org.jclouds.compute.config.ComputeServiceAdapterContextModule.provideImages(ComputeServiceAdapterContextModule.java:118)

20 errors
	at com.google.inject.internal.Errors.throwCreationExceptionIfErrorsExist(Errors.java:435)
	at com.google.inject.internal.InternalInjectorCreator.initializeStatically(InternalInjectorCreator.java:154)
	at com.google.inject.internal.InternalInjectorCreator.build(InternalInjectorCreator.java:106)
	at com.google.inject.Guice.createInjector(Guice.java:95)
	at org.jclouds.ContextBuilder.buildInjector(ContextBuilder.java:402)
	at org.jclouds.ContextBuilder.buildInjector(ContextBuilder.java:326)
	at org.jclouds.ContextBuilder.buildView(ContextBuilder.java:608)
	at org.jclouds.ContextBuilder.buildView(ContextBuilder.java:588)
	at org.jclouds.test.aliyun.ecs.ClientTest.test1(ClientTest.java:25)
	at sun.reflect.NativeMethodAccessorImpl.invoke0(Native Method)
	at sun.reflect.NativeMethodAccessorImpl.invoke(NativeMethodAccessorImpl.java:57)
	at sun.reflect.DelegatingMethodAccessorImpl.invoke(DelegatingMethodAccessorImpl.java:43)
	at java.lang.reflect.Method.invoke(Method.java:601)
	at org.testng.internal.MethodInvocationHelper.invokeMethod(MethodInvocationHelper.java:84)
	at org.testng.internal.Invoker.invokeMethod(Invoker.java:714)
	at org.testng.internal.Invoker.invokeTestMethod(Invoker.java:901)
	at org.testng.internal.Invoker.invokeTestMethods(Invoker.java:1231)
	at org.testng.internal.TestMethodWorker.invokeTestMethods(TestMethodWorker.java:127)
	at org.testng.internal.TestMethodWorker.run(TestMethodWorker.java:111)
	at org.testng.TestRunner.privateRun(TestRunner.java:767)
	at org.testng.TestRunner.run(TestRunner.java:617)
	at org.testng.SuiteRunner.runTest(SuiteRunner.java:334)
	at org.testng.SuiteRunner.runSequentially(SuiteRunner.java:329)
	at org.testng.SuiteRunner.privateRun(SuiteRunner.java:291)
	at org.testng.SuiteRunner.run(SuiteRunner.java:240)
	at org.testng.SuiteRunnerWorker.runSuite(SuiteRunnerWorker.java:52)
	at org.testng.SuiteRunnerWorker.run(SuiteRunnerWorker.java:86)
	at org.testng.TestNG.runSuitesSequentially(TestNG.java:1224)
	at org.testng.TestNG.runSuitesLocally(TestNG.java:1149)
	at org.testng.TestNG.run(TestNG.java:1057)
	at org.testng.remote.RemoteTestNG.run(RemoteTestNG.java:111)
	at org.testng.remote.RemoteTestNG.initAndRun(RemoteTestNG.java:204)
	at org.testng.remote.RemoteTestNG.main(RemoteTestNG.java:175)
]]>
    </failure>
  </testcase> <!-- test1 -->
</testsuite> <!-- org.jclouds.test.aliyun.ecs.ClientTest -->
