<?xml version="1.0" encoding="UTF-8"?>
<!-- Generated by org.testng.reporters.JUnitReportReporter -->
<testsuite hostname="fdp" name="org.jclouds.test.aliyun.ecs.ClientTest" tests="1" failures="1" timestamp="7 Jan 2016 16:01:39 GMT" time="1.794" errors="0">
  <testcase name="test1" time="1.794" classname="org.jclouds.test.aliyun.ecs.ClientTest">
    <failure type="java.lang.NullPointerException" message="at index 0">
      <![CDATA[java.lang.NullPointerException: at index 0
	at com.google.common.collect.ObjectArrays.checkElementNotNull(ObjectArrays.java:240)
	at com.google.common.collect.ObjectArrays.checkElementsNotNull(ObjectArrays.java:231)
	at com.google.common.collect.ObjectArrays.checkElementsNotNull(ObjectArrays.java:226)
	at com.google.common.collect.ImmutableList.construct(ImmutableList.java:303)
	at com.google.common.collect.ImmutableList.of(ImmutableList.java:98)
	at com.google.common.collect.Iterables.concat(Iterables.java:431)
	at org.jclouds.compute.suppliers.ImageCacheSupplier.get(ImageCacheSupplier.java:64)
	at org.jclouds.compute.suppliers.ImageCacheSupplier.get(ImageCacheSupplier.java:45)
	at org.jclouds.compute.internal.BaseComputeService.listImages(BaseComputeService.java:377)
	at org.jclouds.test.aliyun.ecs.ClientTest.test1(ClientTest.java:30)
	at sun.reflect.NativeMethodAccessorImpl.invoke0(Native Method)
	at sun.reflect.NativeMethodAccessorImpl.invoke(NativeMethodAccessorImpl.java:57)
	at sun.reflect.DelegatingMethodAccessorImpl.invoke(DelegatingMethodAccessorImpl.java:43)
	at java.lang.reflect.Method.invoke(Method.java:601)
	at org.testng.internal.MethodInvocationHelper.invokeMethod(MethodInvocationHelper.java:84)
	at org.testng.internal.Invoker.invokeMethod(Invoker.java:714)
	at org.testng.internal.Invoker.invokeTestMethod(Invoker.java:901)
	at org.testng.internal.Invoker.invokeTestMethods(Invoker.java:1231)
	at org.testng.internal.TestMethodWorker.invokeTestMethods(TestMethodWorker.java:127)
	at org.testng.internal.TestMethodWorker.run(TestMethodWorker.java:111)
	at org.testng.TestRunner.privateRun(TestRunner.java:767)
	at org.testng.TestRunner.run(TestRunner.java:617)
	at org.testng.SuiteRunner.runTest(SuiteRunner.java:334)
	at org.testng.SuiteRunner.runSequentially(SuiteRunner.java:329)
	at org.testng.SuiteRunner.privateRun(SuiteRunner.java:291)
	at org.testng.SuiteRunner.run(SuiteRunner.java:240)
	at org.testng.SuiteRunnerWorker.runSuite(SuiteRunnerWorker.java:52)
	at org.testng.SuiteRunnerWorker.run(SuiteRunnerWorker.java:86)
	at org.testng.TestNG.runSuitesSequentially(TestNG.java:1224)
	at org.testng.TestNG.runSuitesLocally(TestNG.java:1149)
	at org.testng.TestNG.run(TestNG.java:1057)
	at org.testng.remote.RemoteTestNG.run(RemoteTestNG.java:111)
	at org.testng.remote.RemoteTestNG.initAndRun(RemoteTestNG.java:204)
	at org.testng.remote.RemoteTestNG.main(RemoteTestNG.java:175)
]]>
    </failure>
  </testcase> <!-- test1 -->
</testsuite> <!-- org.jclouds.test.aliyun.ecs.ClientTest -->
