<?xml version="1.0" encoding="UTF-8"?>
<!-- Generated by org.testng.reporters.JUnitReportReporter -->
<testsuite hostname="fdp" name="org.jclouds.gogrid.options.AddServerOptionsTest" tests="9" failures="0" timestamp="11 Jan 2016 17:12:08 GMT" time="0.062" errors="0">
  <testcase name="testWithDescription" time="0.000" classname="org.jclouds.gogrid.options.AddServerOptionsTest"/>
  <testcase name="testWithDescriptionNPE" time="0.000" classname="org.jclouds.gogrid.options.AddServerOptionsTest"/>
  <testcase name="testWith501LengthDescription" time="0.000" classname="org.jclouds.gogrid.options.AddServerOptionsTest"/>
  <testcase name="testWithDescriptionStatic" time="0.031" classname="org.jclouds.gogrid.options.AddServerOptionsTest"/>
  <testcase name="testNullWithDescription" time="0.000" classname="org.jclouds.gogrid.options.AddServerOptionsTest"/>
  <testcase name="testAsSandboxType" time="0.000" classname="org.jclouds.gogrid.options.AddServerOptionsTest"/>
  <testcase name="testWith500LengthDescription" time="0.000" classname="org.jclouds.gogrid.options.AddServerOptionsTest"/>
  <testcase name="testAsSandboxTypeStatic" time="0.031" classname="org.jclouds.gogrid.options.AddServerOptionsTest"/>
  <testcase name="testAssignability" time="0.000" classname="org.jclouds.gogrid.options.AddServerOptionsTest"/>
</testsuite> <!-- org.jclouds.gogrid.options.AddServerOptionsTest -->
