<?xml version="1.0" encoding="UTF-8"?>
<!-- Generated by org.testng.reporters.JUnitReportReporter -->
<testsuite hostname="fdp" name="org.jclouds.gogrid.options.SaveImageOptionsTest" tests="7" failures="0" timestamp="11 Jan 2016 17:12:08 GMT" time="0.032" errors="0">
  <testcase name="testNullWithDescription" time="0.000" classname="org.jclouds.gogrid.options.SaveImageOptionsTest"/>
  <testcase name="testWith500LengthDescription" time="0.000" classname="org.jclouds.gogrid.options.SaveImageOptionsTest"/>
  <testcase name="testWithDescription" time="0.000" classname="org.jclouds.gogrid.options.SaveImageOptionsTest"/>
  <testcase name="testWithDescriptionStatic" time="0.016" classname="org.jclouds.gogrid.options.SaveImageOptionsTest"/>
  <testcase name="testWithDescriptionNPE" time="0.016" classname="org.jclouds.gogrid.options.SaveImageOptionsTest"/>
  <testcase name="testAssignability" time="0.000" classname="org.jclouds.gogrid.options.SaveImageOptionsTest"/>
  <testcase name="testWith501LengthDescription" time="0.000" classname="org.jclouds.gogrid.options.SaveImageOptionsTest"/>
</testsuite> <!-- org.jclouds.gogrid.options.SaveImageOptionsTest -->
