<?xml version="1.0" encoding="UTF-8"?>
<!-- Generated by org.testng.reporters.JUnitReportReporter -->
<testsuite hostname="fdp" name="org.jclouds.gogrid.compute.options.GoGridTemplateOptionsTest" tests="1" failures="0" timestamp="11 Jan 2016 17:12:08 GMT" time="0.015" errors="0">
  <testcase name="testAs" time="0.015" classname="org.jclouds.gogrid.compute.options.GoGridTemplateOptionsTest"/>
</testsuite> <!-- org.jclouds.gogrid.compute.options.GoGridTemplateOptionsTest -->
