<?xml version="1.0" encoding="UTF-8"?>
<!-- Generated by org.testng.reporters.JUnitReportReporter -->
<testsuite hostname="fdp" name="org.jclouds.gogrid.binders.BindIdsToQueryParamsTest" tests="2" failures="0" timestamp="11 Jan 2016 17:12:08 GMT" time="0.102" errors="0">
  <testcase name="testWithPrimitive" time="0.051" classname="org.jclouds.gogrid.binders.BindIdsToQueryParamsTest"/>
  <testcase name="testWithView" time="0.051" classname="org.jclouds.gogrid.binders.BindIdsToQueryParamsTest"/>
</testsuite> <!-- org.jclouds.gogrid.binders.BindIdsToQueryParamsTest -->
