<?xml version="1.0" encoding="UTF-8"?>
<!-- Generated by org.testng.reporters.JUnitReportReporter -->
<testsuite hostname="fdp" name="org.jclouds.gogrid.functions.ParseJobsFromJsonResponseTest" tests="1" failures="0" timestamp="11 Jan 2016 17:12:08 GMT" time="0.047" errors="0">
  <testcase name="testApplyInputStreamDetails" time="0.047" classname="org.jclouds.gogrid.functions.ParseJobsFromJsonResponseTest"/>
</testsuite> <!-- org.jclouds.gogrid.functions.ParseJobsFromJsonResponseTest -->
