<?xml version="1.0" encoding="UTF-8"?>
<!-- Generated by org.testng.reporters.JUnitReportReporter -->
<testsuite hostname="fdp" name="org.jclouds.gogrid.compute.functions.ServerToNodeMetadataTest" tests="1" failures="0" timestamp="11 Jan 2016 17:12:08 GMT" time="0.562" errors="0">
  <testcase name="testApplySetsTagFromNameAndCredentialsFromName" time="0.562" classname="org.jclouds.gogrid.compute.functions.ServerToNodeMetadataTest"/>
</testsuite> <!-- org.jclouds.gogrid.compute.functions.ServerToNodeMetadataTest -->
