<?xml version="1.0" encoding="UTF-8"?>
<!-- Generated by org.testng.reporters.JUnitReportReporter -->
<testsuite hostname="fdp" name="org.jclouds.gogrid.binders.BindNamesToQueryParamsTest" tests="1" failures="0" timestamp="11 Jan 2016 17:12:08 GMT" time="0.000" errors="0">
  <testcase name="testBinding" time="0.000" classname="org.jclouds.gogrid.binders.BindNamesToQueryParamsTest"/>
</testsuite> <!-- org.jclouds.gogrid.binders.BindNamesToQueryParamsTest -->
