<?xml version="1.0" encoding="UTF-8"?>
<!-- Generated by org.testng.reporters.JUnitReportReporter -->
<testsuite hostname="fdp" name="org.jclouds.gogrid.features.GridLoadBalancerApiTest" tests="6" failures="0" timestamp="11 Jan 2016 17:12:08 GMT" time="0.438" errors="0">
  <testcase name="testGetLoadBalancerList" time="0.078" classname="org.jclouds.gogrid.features.GridLoadBalancerApiTest"/>
  <testcase name="testDeleteLoadBalancerById" time="0.094" classname="org.jclouds.gogrid.features.GridLoadBalancerApiTest"/>
  <testcase name="testGetLoadBalancersByName" time="0.000" classname="org.jclouds.gogrid.features.GridLoadBalancerApiTest"/>
  <testcase name="testAddLoadBalancer" time="0.094" classname="org.jclouds.gogrid.features.GridLoadBalancerApiTest"/>
  <testcase name="testEditLoadBalancer" time="0.078" classname="org.jclouds.gogrid.features.GridLoadBalancerApiTest"/>
  <testcase name="testEditLoadBalancerNamed" time="0.094" classname="org.jclouds.gogrid.features.GridLoadBalancerApiTest"/>
</testsuite> <!-- org.jclouds.gogrid.features.GridLoadBalancerApiTest -->
