<?xml version="1.0" encoding="UTF-8"?>
<!-- Generated by org.testng.reporters.JUnitReportReporter -->
<testsuite hostname="fdp" name="org.jclouds.gogrid.functions.ParseCredentialsFromJsonResponseTest" tests="2" failures="0" timestamp="11 Jan 2016 17:12:08 GMT" time="0.043" errors="0">
  <testcase name="testValid" time="0.018" classname="org.jclouds.gogrid.functions.ParseCredentialsFromJsonResponseTest"/>
  <testcase name="testFailWhenTooManyPasswords" time="0.025" classname="org.jclouds.gogrid.functions.ParseCredentialsFromJsonResponseTest"/>
</testsuite> <!-- org.jclouds.gogrid.functions.ParseCredentialsFromJsonResponseTest -->
