<?xml version="1.0" encoding="UTF-8"?>
<!-- Generated by org.testng.reporters.JUnitReportReporter -->
<testsuite hostname="fdp" name="org.jclouds.gogrid.handlers.GoGridErrorHandlerTest" tests="1" failures="0" timestamp="11 Jan 2016 17:12:08 GMT" time="0.015" errors="0">
  <testcase name="testHandler" time="0.015" classname="org.jclouds.gogrid.handlers.GoGridErrorHandlerTest"/>
</testsuite> <!-- org.jclouds.gogrid.handlers.GoGridErrorHandlerTest -->
