<?xml version="1.0" encoding="UTF-8"?>
<!-- Generated by org.testng.reporters.JUnitReportReporter -->
<testsuite hostname="fdp" name="org.jclouds.gogrid.features.GridIpApiTest" tests="2" failures="0" timestamp="11 Jan 2016 17:12:08 GMT" time="0.156" errors="0">
  <testcase name="testGetIpListWithOptions" time="0.078" classname="org.jclouds.gogrid.features.GridIpApiTest"/>
  <testcase name="testGetAssignedIpList" time="0.078" classname="org.jclouds.gogrid.features.GridIpApiTest"/>
</testsuite> <!-- org.jclouds.gogrid.features.GridIpApiTest -->
