<?xml version="1.0" encoding="UTF-8"?>
<!-- Generated by org.testng.reporters.JUnitReportReporter -->
<testsuite hostname="fdp" name="org.jclouds.gogrid.features.GridImageApiTest" tests="7" failures="0" timestamp="11 Jan 2016 17:12:08 GMT" time="0.854" errors="0">
  <testcase name="testEditImageDescription" time="0.182" classname="org.jclouds.gogrid.features.GridImageApiTest"/>
  <testcase name="testDeleteById" time="0.126" classname="org.jclouds.gogrid.features.GridImageApiTest"/>
  <testcase name="testSaveImageOptions" time="0.000" classname="org.jclouds.gogrid.features.GridImageApiTest"/>
  <testcase name="testGetImageListWithOptions" time="0.182" classname="org.jclouds.gogrid.features.GridImageApiTest"/>
  <testcase name="testEditImageFriendlyName" time="0.182" classname="org.jclouds.gogrid.features.GridImageApiTest"/>
  <testcase name="testSaveImageFromServerNoOptions" time="0.000" classname="org.jclouds.gogrid.features.GridImageApiTest"/>
  <testcase name="testGetImagesByName" time="0.182" classname="org.jclouds.gogrid.features.GridImageApiTest"/>
</testsuite> <!-- org.jclouds.gogrid.features.GridImageApiTest -->
